Namespace(batch_size=32, clip=False, disjoint_user=True, epochs=10, loss='BCE', lr=0.001, model_name='SiameseConvNet', weight_decay=0.0001)
Compose(
    Resize(size=(220, 155), interpolation=bilinear, max_size=None, antialias=None)
    Grayscale(num_output_channels=1)
    ToTensor()
)
Epoch 1, batch 0, loss=0.7367653846740723
Epoch 1, batch 100, loss=0.7089727520942688
Epoch 1, batch 200, loss=0.5714336633682251
Epoch 1, batch 300, loss=0.3492324948310852
Epoch 1, batch 400, loss=0.5582363605499268
Average epoch loss=0.49710918683768934
Max accuracy for batch 0 = 1.0 at d = 0.7451860640496022
Max accuracy for batch 50 = 1.0 at d = 0.9714970583915719
Max accuracy for batch 100 = 1.0 at d = 0.5099745917916302
Max accuracy for batch 150 = 1.0 at d = 0.5360299117118125
Max accuracy for batch 200 = 0.9722222222222222 at d = 1.373329723119737
Max accuracy for batch 250 = 1.0 at d = 1.2869757575392735
Max accuracy for batch 300 = 1.0 at d = 1.139187704652549
Max accuracy for batch 350 = 0.9736842105263157 at d = 0.6299201721102005
Max accuracy for batch 400 = 1.0 at d = 1.1870646691024314
Average accuracy across all batches=0.9919418644764681 at d=0.9811889918924191
Epoch 2, batch 0, loss=0.20999528467655182
Epoch 2, batch 100, loss=0.2647079527378082
Epoch 2, batch 200, loss=0.25070920586586
Epoch 2, batch 300, loss=0.1680738627910614
Epoch 2, batch 400, loss=0.2658984065055847
Average epoch loss=0.24233822580048517
Max accuracy for batch 0 = 1.0 at d = 0.192708713370841
Max accuracy for batch 50 = 0.96875 at d = 0.26826820013672115
Max accuracy for batch 100 = 1.0 at d = 0.5277914265734144
Max accuracy for batch 150 = 1.0 at d = 0.2709989531245083
Max accuracy for batch 200 = 1.0 at d = 0.5309786557639018
Max accuracy for batch 250 = 1.0 at d = 0.4987191974911839
Max accuracy for batch 300 = 1.0 at d = 0.46101347284018995
Max accuracy for batch 350 = 1.0 at d = 0.9090771409142763
Max accuracy for batch 400 = 1.0 at d = 0.48548341914266346
Average accuracy across all batches=0.9970786038353956 at d=0.40141393726679925
Epoch 3, batch 0, loss=0.21873095631599426
Epoch 3, batch 100, loss=0.185944601893425
Epoch 3, batch 200, loss=0.2405869960784912
Epoch 3, batch 300, loss=0.17761647701263428
Epoch 3, batch 400, loss=0.23219552636146545
Average epoch loss=0.24026595676658385
Max accuracy for batch 0 = 1.0 at d = 1.1909461823869496
Max accuracy for batch 50 = 1.0 at d = 0.6987508023977286
Max accuracy for batch 100 = 1.0 at d = 0.40836065168771896
Max accuracy for batch 150 = 1.0 at d = 0.4739676534943283
Max accuracy for batch 200 = 1.0 at d = 1.1290555960945785
Max accuracy for batch 250 = 1.0 at d = 0.8016415831893683
Max accuracy for batch 300 = 1.0 at d = 0.7917736070379622
Max accuracy for batch 350 = 1.0 at d = 1.1903119097612798
Max accuracy for batch 400 = 1.0 at d = 0.5796502771377569
Average accuracy across all batches=0.999269903696301 at d=0.8337697741983482
Epoch 4, batch 0, loss=0.2079857885837555
Epoch 4, batch 100, loss=0.23745030164718628
Epoch 4, batch 200, loss=0.18767878413200378
Epoch 4, batch 300, loss=0.15384170413017273
Epoch 4, batch 400, loss=0.16298210620880127
Average epoch loss=0.2061242070175186
Max accuracy for batch 0 = 1.0 at d = 0.005940512691158801
Max accuracy for batch 50 = 1.0 at d = 0.2506428557098843
Max accuracy for batch 100 = 1.0 at d = 0.004185639233677648
Max accuracy for batch 150 = 1.0 at d = 0.14601197196636348
Max accuracy for batch 200 = 1.0 at d = 0.007000613206997514
Max accuracy for batch 250 = 1.0 at d = 0.006155016459757462
Max accuracy for batch 300 = 1.0 at d = 0.005235403524129652
Max accuracy for batch 350 = 1.0 at d = 0.01835861069429666
Max accuracy for batch 400 = 1.0 at d = 0.004850810261908919
Average accuracy across all batches=0.995376062673026 at d=0.043109772963116355
Epoch 5, batch 0, loss=0.23235639929771423
Epoch 5, batch 100, loss=0.12869107723236084
Epoch 5, batch 200, loss=0.2225121557712555
Epoch 5, batch 300, loss=0.1380724310874939
Epoch 5, batch 400, loss=0.1886763572692871
Average epoch loss=0.20322943680644304
Max accuracy for batch 0 = 1.0 at d = 0.003205282867886126
Max accuracy for batch 50 = 0.9375 at d = 0.0035167972994968296
Max accuracy for batch 100 = 1.0 at d = 0.20561938451835887
Max accuracy for batch 150 = 0.9722222222222222 at d = 0.004265750888502225
Max accuracy for batch 200 = 1.0 at d = 0.004374729308532551
Max accuracy for batch 250 = 0.9736842105263157 at d = 0.006169131541042589
Max accuracy for batch 300 = 1.0 at d = 0.003318962527671829
Max accuracy for batch 350 = 1.0 at d = 0.0040669741313904524
Max accuracy for batch 400 = 0.975 at d = 0.0693129079414066
Average accuracy across all batches=0.989409836175471 at d=0.061562605916331274
Epoch 6, batch 0, loss=0.1765131950378418
Epoch 6, batch 100, loss=0.23789256811141968
Epoch 6, batch 200, loss=0.35066622495651245
Epoch 6, batch 300, loss=0.22493554651737213
Epoch 6, batch 400, loss=0.1901398003101349
Average epoch loss=0.2711327478255967
Max accuracy for batch 0 = 1.0 at d = 0.006494982581585646
Max accuracy for batch 50 = 0.9375 at d = 0.34934985056845475
Max accuracy for batch 100 = 1.0 at d = 0.4262334588061785
Max accuracy for batch 150 = 0.9722222222222222 at d = 0.00806206841499079
Max accuracy for batch 200 = 1.0 at d = 0.04216492248687428
Max accuracy for batch 250 = 0.9736842105263157 at d = 0.44224676576140337
Max accuracy for batch 300 = 1.0 at d = 0.31245621741446666
Max accuracy for batch 350 = 0.9615384615384616 at d = 0.5312372128219577
Max accuracy for batch 400 = 0.975 at d = 0.2740475902343169
Average accuracy across all batches=0.9801186048590491 at d=0.3304919657979297
Epoch 7, batch 0, loss=0.20524735748767853
Epoch 7, batch 100, loss=0.11000465601682663
Epoch 7, batch 200, loss=0.24148288369178772
Epoch 7, batch 300, loss=0.282998651266098
Epoch 7, batch 400, loss=0.16992227733135223
Average epoch loss=0.2054958999089678
Max accuracy for batch 0 = 1.0 at d = 0.0070119566338980805
Max accuracy for batch 50 = 0.9375 at d = 0.006035680255678017
Max accuracy for batch 100 = 1.0 at d = 0.005406375213060528
Max accuracy for batch 150 = 0.9722222222222222 at d = 0.007485463271616027
Max accuracy for batch 200 = 1.0 at d = 0.006119445699965581
Max accuracy for batch 250 = 0.9736842105263157 at d = 0.006323553162161261
Max accuracy for batch 300 = 0.975 at d = 0.004287606293568388
Max accuracy for batch 350 = 0.9615384615384616 at d = 0.0072665832871571185
Max accuracy for batch 400 = 0.975 at d = 0.006145263795275241
Average accuracy across all batches=0.9789369169888679 at d=0.007714801735249755
Epoch 8, batch 0, loss=0.11397535353899002
Epoch 8, batch 100, loss=0.22087723016738892
Epoch 8, batch 200, loss=0.1554946005344391
Epoch 8, batch 300, loss=0.19903475046157837
Epoch 8, batch 400, loss=0.13743288815021515
Average epoch loss=0.2028651405336087
Max accuracy for batch 0 = 1.0 at d = 0.010329003727529198
Max accuracy for batch 50 = 0.9375 at d = 0.014048143716412597
Max accuracy for batch 100 = 1.0 at d = 0.024414716720115394
Max accuracy for batch 150 = 1.0 at d = 0.007367354048648849
Max accuracy for batch 200 = 1.0 at d = 0.005022525671738549
Max accuracy for batch 250 = 0.9736842105263157 at d = 0.004018610211554915
Max accuracy for batch 300 = 0.975 at d = 0.0031607155718375
Max accuracy for batch 350 = 1.0 at d = 0.026019645371139634
Max accuracy for batch 400 = 0.975 at d = 0.060438851449871434
Average accuracy across all batches=0.9869511318097877 at d=0.0512368076405776
Epoch 9, batch 0, loss=0.15864133834838867
Epoch 9, batch 100, loss=0.1923704296350479
Epoch 9, batch 200, loss=0.23861083388328552
Epoch 9, batch 300, loss=0.2211594581604004
Epoch 9, batch 400, loss=0.15340518951416016
Average epoch loss=0.19041495348072482
Max accuracy for batch 0 = 1.0 at d = 0.005117944255180191
Max accuracy for batch 50 = 1.0 at d = 0.007596199301071465
Max accuracy for batch 100 = 1.0 at d = 0.015040751103369984
Max accuracy for batch 150 = 1.0 at d = 0.010016327712728526
Max accuracy for batch 200 = 1.0 at d = 0.005578768143896014
Max accuracy for batch 250 = 1.0 at d = 0.004771502149291337
Max accuracy for batch 300 = 1.0 at d = 0.007029314824132598
Max accuracy for batch 350 = 1.0 at d = 0.015046175897296052
Max accuracy for batch 400 = 0.975 at d = 0.012144060468301177
Average accuracy across all batches=0.9925704590419046 at d=0.06802372063050344
Epoch 10, batch 0, loss=0.15122711658477783
Epoch 10, batch 100, loss=0.16691157221794128
Epoch 10, batch 200, loss=0.1611860990524292
Epoch 10, batch 300, loss=0.2593784034252167
Epoch 10, batch 400, loss=0.24719378352165222
Average epoch loss=0.21062073841455559
Max accuracy for batch 0 = 1.0 at d = 1.9420113137084554
Max accuracy for batch 50 = 0.9375 at d = 0.17814477431029097
Max accuracy for batch 100 = 1.0 at d = 0.10442199504747995
Max accuracy for batch 150 = 0.9722222222222222 at d = 0.47911661465093497
Max accuracy for batch 200 = 1.0 at d = 0.9850113137084554
Max accuracy for batch 250 = 0.9736842105263157 at d = 0.08401131370845542
Max accuracy for batch 300 = 1.0 at d = 0.14201131370845543
Max accuracy for batch 350 = 0.9736842105263157 at d = 0.17101131370845543
Max accuracy for batch 400 = 1.0 at d = 0.8100113137084555
Average accuracy across all batches=0.9792569663422623 at d=0.5441920797745032
