Namespace(batch_size=32, clip=False, disjoint_user=True, epochs=10, loss='BCE', lr=0.001, model_name='TransformerNet', weight_decay=0.0001)
Compose(
    Resize(size=(224, 224), interpolation=bilinear, max_size=None, antialias=None)
    Grayscale(num_output_channels=1)
    ToTensor()
)
Epoch 1, batch 0, loss=0.8103988170623779
Epoch 1, batch 100, loss=0.7653433680534363
Epoch 1, batch 200, loss=0.7580152153968811
Epoch 1, batch 300, loss=0.7730462551116943
Epoch 1, batch 400, loss=0.7477062940597534
Average epoch loss=0.7235808038819186
Max accuracy for batch 0 = 0.5454545454545454 at d = 1.1170859579578973e-05
Max accuracy for batch 50 = 0.59375 at d = 0.9620110635191959
Max accuracy for batch 100 = 0.5941176470588235 at d = 0.8870110813343781
Max accuracy for batch 150 = 0.5396825396825397 at d = 1.1040111185454444
Max accuracy for batch 200 = 0.5238095238095238 at d = 0.9620113137084554
Max accuracy for batch 250 = 0.6396761133603239 at d = 0.0010110507517092629
Max accuracy for batch 300 = 0.5 at d = 0.9620111337076305
Max accuracy for batch 350 = 0.5263157894736842 at d = 1.099943710869411e-05
Max accuracy for batch 400 = 0.5166666666666667 at d = 0.9620110348328235
Average accuracy across all batches=0.5682052006651414 at d=0.6523903707710581
Epoch 2, batch 0, loss=0.723637580871582
Epoch 2, batch 100, loss=0.6985514760017395
Epoch 2, batch 200, loss=0.767347514629364
Epoch 2, batch 300, loss=0.8701267242431641
Epoch 2, batch 400, loss=0.7329870462417603
Average epoch loss=0.7307948038217446
Max accuracy for batch 0 = 0.5064935064935066 at d = 0.9400112302559501
Max accuracy for batch 50 = 0.59375 at d = 0.001011176162843185
Max accuracy for batch 100 = 0.6039215686274509 at d = 1.099011188285498
Max accuracy for batch 150 = 0.5952380952380952 at d = 0.9400112444804473
Max accuracy for batch 200 = 0.6190476190476191 at d = 0.0010112203451863025
Max accuracy for batch 250 = 0.5607287449392713 at d = 0.0010112203451863025
Max accuracy for batch 300 = 0.5 at d = 1.1120111101553558
Max accuracy for batch 350 = 0.5587044534412955 at d = 0.5820112621664811
Max accuracy for batch 400 = 0.5 at d = 1.1120112329125842
Average accuracy across all batches=0.5686698164207609 at d=0.6503904575041288
Epoch 3, batch 0, loss=0.7386341094970703
Epoch 3, batch 100, loss=0.7164318561553955
Epoch 3, batch 200, loss=0.657940685749054
Epoch 3, batch 300, loss=0.7756472229957581
Epoch 3, batch 400, loss=0.7383524179458618
Average epoch loss=0.7230762867572346
Max accuracy for batch 0 = 0.6103896103896104 at d = 0.0010113137084554183
Max accuracy for batch 50 = 0.59375 at d = 1.0980113137084555
Max accuracy for batch 100 = 0.6352941176470588 at d = 0.29701128817530115
Max accuracy for batch 150 = 0.5595238095238095 at d = 0.0010112698980956339
Max accuracy for batch 200 = 0.6071428571428572 at d = 0.8690113737587526
Max accuracy for batch 250 = 0.5384615384615384 at d = 1.4627235941588879e-05
Max accuracy for batch 300 = 0.7333333333333334 at d = 0.8720113036503535
Max accuracy for batch 350 = 0.5951417004048583 at d = 0.2970113137084554
Max accuracy for batch 400 = 0.5083333333333333 at d = 1.1030210863254324
Average accuracy across all batches=0.5851170100636559 at d=0.6218503655772032
Epoch 4, batch 0, loss=0.7027517557144165
Epoch 4, batch 100, loss=0.8039202690124512
Epoch 4, batch 200, loss=0.6855558156967163
Epoch 4, batch 300, loss=0.7341835498809814
Epoch 4, batch 400, loss=0.6506946086883545
Average epoch loss=0.7176766933759771
Max accuracy for batch 0 = 0.5714285714285714 at d = 1.213022320687772
Max accuracy for batch 50 = 0.625 at d = 0.687536034513265
Max accuracy for batch 100 = 0.5725490196078431 at d = 0.8201849817633635
Max accuracy for batch 150 = 0.623015873015873 at d = 0.5850116724722829
Max accuracy for batch 200 = 0.6071428571428572 at d = 0.9351184555292137
Max accuracy for batch 250 = 0.5263157894736842 at d = 1.259221786022187
Max accuracy for batch 300 = 0.6333333333333333 at d = 1.0296282954216007
Max accuracy for batch 350 = 0.6639676113360324 at d = 1.0103810266070068
Max accuracy for batch 400 = 0.5333333333333333 at d = 1.3400555017795706
Average accuracy across all batches=0.5980211954735178 at d=0.8985127639711903
Epoch 5, batch 0, loss=0.662043571472168
Epoch 5, batch 100, loss=0.7000349760055542
Epoch 5, batch 200, loss=0.6934045553207397
Epoch 5, batch 300, loss=0.7437092065811157
Epoch 5, batch 400, loss=0.7139251232147217
Average epoch loss=0.7073989135148024
Max accuracy for batch 0 = 0.6666666666666666 at d = 1.3940779123306282
Max accuracy for batch 50 = 0.625 at d = 1.0913217349052435
Max accuracy for batch 100 = 0.6078431372549019 at d = 1.3976874905824674
Max accuracy for batch 150 = 0.5793650793650793 at d = 1.1907037956118594
Max accuracy for batch 200 = 0.5833333333333334 at d = 1.4518929136991514
Max accuracy for batch 250 = 0.6720647773279352 at d = 1.206853845596314
Max accuracy for batch 300 = 0.5416666666666666 at d = 1.8979234035015122
Max accuracy for batch 350 = 0.582995951417004 at d = 1.0408938679397115
Max accuracy for batch 400 = 0.5416666666666667 at d = 1.0020381409823904
Average accuracy across all batches=0.5945537721910626 at d=1.1674304809046427
Epoch 6, batch 0, loss=0.6884341239929199
Epoch 6, batch 100, loss=0.73233962059021
Epoch 6, batch 200, loss=0.7402541637420654
Epoch 6, batch 300, loss=0.6961667537689209
Epoch 6, batch 400, loss=0.6795996427536011
Average epoch loss=0.7065189525182306
Max accuracy for batch 0 = 0.6298701298701299 at d = 1.2114874744415287
Max accuracy for batch 50 = 0.625 at d = 0.7930818200111391
Max accuracy for batch 100 = 0.5372549019607843 at d = 1.695984040737153
Max accuracy for batch 150 = 0.5992063492063493 at d = 1.2681608014106756
Max accuracy for batch 200 = 0.5793650793650793 at d = 0.8736690831184388
Max accuracy for batch 250 = 0.5931174089068826 at d = 1.4342759416103372
Max accuracy for batch 300 = 0.5583333333333333 at d = 1.5920113629830595
Max accuracy for batch 350 = 0.5384615384615384 at d = 1.7216117486953744
Max accuracy for batch 400 = 0.6916666666666667 at d = 1.2202755839824686
Average accuracy across all batches=0.6020653810264375 at d=1.1887690009425202
Epoch 7, batch 0, loss=0.744613766670227
Epoch 7, batch 100, loss=0.748000979423523
Epoch 7, batch 200, loss=0.6999731659889221
Epoch 7, batch 300, loss=0.6854583024978638
Epoch 7, batch 400, loss=0.7193595170974731
Average epoch loss=0.702459205084945
Max accuracy for batch 0 = 0.5 at d = 1.5610458192825325
Max accuracy for batch 50 = 0.59375 at d = 1.1830933854579933
Max accuracy for batch 100 = 0.7274509803921569 at d = 0.9958068304061893
Max accuracy for batch 150 = 0.5793650793650793 at d = 0.5982166862487793
Max accuracy for batch 200 = 0.5238095238095238 at d = 0.7460112993557195
Max accuracy for batch 250 = 0.659919028340081 at d = 1.3242167458534246
Max accuracy for batch 300 = 0.625 at d = 0.7530113081723612
Max accuracy for batch 350 = 0.6012145748987854 at d = 1.3110112910875031
Max accuracy for batch 400 = 0.6666666666666667 at d = 1.0480934748649604
Average accuracy across all batches=0.599238828002334 at d=0.9869872410916798
Epoch 8, batch 0, loss=0.6634937524795532
Epoch 8, batch 100, loss=0.7473329305648804
Epoch 8, batch 200, loss=0.7360852360725403
Epoch 8, batch 300, loss=0.7350113391876221
Epoch 8, batch 400, loss=0.6817836165428162
Average epoch loss=0.7035075034567788
Max accuracy for batch 0 = 0.551948051948052 at d = 1.1310113149935714
Max accuracy for batch 50 = 0.5625 at d = 1.3300113137084555
Max accuracy for batch 100 = 0.5882352941176471 at d = 0.5800113149853859
Max accuracy for batch 150 = 0.5793650793650793 at d = 1.0470113187079477
Max accuracy for batch 200 = 0.5396825396825397 at d = 0.8217156319618227
Max accuracy for batch 250 = 0.645748987854251 at d = 1.1264035196304327
Max accuracy for batch 300 = 0.5666666666666667 at d = 0.9650113127525765
Max accuracy for batch 350 = 0.5323886639676113 at d = 0.9165175957679752
Max accuracy for batch 400 = 0.575 at d = 0.8915175957679752
Average accuracy across all batches=0.5988357403727828 at d=0.9657010142756436
Epoch 9, batch 0, loss=0.7279430031776428
Epoch 9, batch 100, loss=0.7629114389419556
Epoch 9, batch 200, loss=0.703705906867981
Epoch 9, batch 300, loss=0.7318644523620605
Epoch 9, batch 400, loss=0.7269771099090576
Average epoch loss=0.7030614936055771
Max accuracy for batch 0 = 0.5216450216450216 at d = 0.0010113044770841953
Max accuracy for batch 50 = 0.59375 at d = 0.7760771374702455
Max accuracy for batch 100 = 0.5333333333333333 at d = 1.467349000930787
Max accuracy for batch 150 = 0.623015873015873 at d = 0.8062497401237491
Max accuracy for batch 200 = 0.5793650793650793 at d = 0.7503468253612521
Max accuracy for batch 250 = 0.6133603238866396 at d = 0.8326004662513736
Max accuracy for batch 300 = 0.5583333333333333 at d = 1.044346884965897
Max accuracy for batch 350 = 0.562753036437247 at d = 1.199600466251374
Max accuracy for batch 400 = 0.5416666666666666 at d = 1.1301513040962163e-05
Average accuracy across all batches=0.5941657790028803 at d=0.9397472302186064
Epoch 10, batch 0, loss=0.6729140281677246
Epoch 10, batch 100, loss=0.7179803252220154
Epoch 10, batch 200, loss=0.7267026901245117
Epoch 10, batch 300, loss=0.7586963176727295
Epoch 10, batch 400, loss=0.6918465495109558
Average epoch loss=0.7042702998856658
Max accuracy for batch 0 = 0.6731601731601732 at d = 0.8079767510890964
Max accuracy for batch 50 = 0.59375 at d = 0.8640113182113637
Max accuracy for batch 100 = 0.5588235294117647 at d = 0.5890113240575956
Max accuracy for batch 150 = 0.8174603174603174 at d = 0.9088458416461949
Max accuracy for batch 200 = 0.5952380952380952 at d = 0.6430113008691187
Max accuracy for batch 250 = 0.562753036437247 at d = 0.588976810693741
Max accuracy for batch 300 = 0.6416666666666666 at d = 0.9597211079597476
Max accuracy for batch 350 = 0.7307692307692308 at d = 1.1459727575778969
Max accuracy for batch 400 = 0.6583333333333333 at d = 0.914846854925156
Average accuracy across all batches=0.5972902837245537 at d=0.8477330551692694
