Namespace(batch_size=64, epochs=20, lr=0.001, model_name='TransformerNet', weight_decay=0.0)
Compose(
    Resize(size=(224, 224), interpolation=bilinear, max_size=None, antialias=None)
    Grayscale(num_output_channels=1)
    ToTensor()
)
Epoch 1, batch 0, loss=1.5565789937973022
Epoch 1, batch 10, loss=1.1149067878723145
Epoch 1, batch 20, loss=1.2813746929168701
Epoch 1, batch 30, loss=1.1698744297027588
Epoch 1, batch 40, loss=1.1865328550338745
Epoch 1, batch 50, loss=1.3001952171325684
Epoch 1, batch 60, loss=1.1189405918121338
Epoch 1, batch 70, loss=1.3965628147125244
Epoch 1, batch 80, loss=1.0056955814361572
Epoch 1, batch 90, loss=1.080909013748169
Epoch 1, batch 100, loss=0.9519541263580322
Epoch 1, batch 110, loss=1.2741999626159668
Epoch 1, batch 120, loss=1.2057541608810425
Epoch 1, batch 130, loss=1.1375057697296143
Epoch 1, batch 140, loss=1.2200449705123901
Epoch 1, batch 150, loss=1.1109527349472046
Epoch 1, batch 160, loss=1.1761285066604614
Epoch 1, batch 170, loss=1.228731632232666
Epoch 1, batch 180, loss=1.164955496788025
Epoch 1, batch 190, loss=1.0911908149719238
Epoch 1, batch 200, loss=1.0470466613769531
Epoch 1, batch 210, loss=1.1056052446365356
Epoch 1, batch 220, loss=1.1914516687393188
Epoch 1, batch 230, loss=1.0576883554458618
Epoch 1, batch 240, loss=1.1072120666503906
Epoch 1, batch 250, loss=1.0899949073791504
Epoch 1, batch 260, loss=1.1363334655761719
Epoch 1, batch 270, loss=1.282564640045166
Epoch 1, batch 280, loss=1.300962209701538
Epoch 1, batch 290, loss=1.0865042209625244
Epoch 1, batch 300, loss=1.0938408374786377
Epoch 1, batch 310, loss=1.1549005508422852
Epoch 1, batch 320, loss=1.186274528503418
Epoch 1, batch 330, loss=1.0282905101776123
Epoch 1, batch 340, loss=1.0270332098007202
Epoch 1, batch 350, loss=1.1570627689361572
Average epoch loss=1.148852262490307
Average accuracy across all batches=0.5575059656412804 at d=0.7515269366623625
Epoch 2, batch 0, loss=1.0251777172088623
Epoch 2, batch 10, loss=0.9898322820663452
Epoch 2, batch 20, loss=1.0782487392425537
Epoch 2, batch 30, loss=1.153505802154541
Epoch 2, batch 40, loss=1.148099422454834
Epoch 2, batch 50, loss=1.2937822341918945
Epoch 2, batch 60, loss=1.227243185043335
Epoch 2, batch 70, loss=1.1978816986083984
Epoch 2, batch 80, loss=1.1557319164276123
Epoch 2, batch 90, loss=1.0490339994430542
Epoch 2, batch 100, loss=0.9212121963500977
Epoch 2, batch 110, loss=1.1220190525054932
Epoch 2, batch 120, loss=1.0366542339324951
Epoch 2, batch 130, loss=1.159741759300232
Epoch 2, batch 140, loss=1.22977614402771
Epoch 2, batch 150, loss=1.12874174118042
Epoch 2, batch 160, loss=1.184348464012146
Epoch 2, batch 170, loss=1.1015503406524658
Epoch 2, batch 180, loss=1.1780807971954346
Epoch 2, batch 190, loss=1.0208830833435059
Epoch 2, batch 200, loss=1.092388391494751
Epoch 2, batch 210, loss=1.0701282024383545
Epoch 2, batch 220, loss=1.0584675073623657
Epoch 2, batch 230, loss=1.1612005233764648
Epoch 2, batch 240, loss=1.0613772869110107
Epoch 2, batch 250, loss=0.9651550650596619
Epoch 2, batch 260, loss=1.2410346269607544
Epoch 2, batch 270, loss=1.2223930358886719
Epoch 2, batch 280, loss=1.2730815410614014
Epoch 2, batch 290, loss=1.092132806777954
Epoch 2, batch 300, loss=1.0456836223602295
Epoch 2, batch 310, loss=1.0932927131652832
Epoch 2, batch 320, loss=1.136444091796875
Epoch 2, batch 330, loss=1.1487857103347778
Epoch 2, batch 340, loss=1.2518210411071777
Epoch 2, batch 350, loss=1.0503466129302979
Average epoch loss=1.124468030703765
Average accuracy across all batches=0.5782400988070526 at d=0.8083428075245932
Epoch 3, batch 0, loss=1.1174836158752441
Epoch 3, batch 10, loss=1.1217854022979736
Epoch 3, batch 20, loss=1.06452476978302
Epoch 3, batch 30, loss=1.2067601680755615
Epoch 3, batch 40, loss=1.1439895629882812
Epoch 3, batch 50, loss=1.0945148468017578
Epoch 3, batch 60, loss=1.372347116470337
Epoch 3, batch 70, loss=1.0827381610870361
Epoch 3, batch 80, loss=1.1451246738433838
Epoch 3, batch 90, loss=1.2314183712005615
Epoch 3, batch 100, loss=1.1338016986846924
Epoch 3, batch 110, loss=1.0703660249710083
Epoch 3, batch 120, loss=1.115112543106079
Epoch 3, batch 130, loss=1.062379002571106
Epoch 3, batch 140, loss=1.0082638263702393
Epoch 3, batch 150, loss=1.2440950870513916
Epoch 3, batch 160, loss=1.197765827178955
Epoch 3, batch 170, loss=1.074828863143921
Epoch 3, batch 180, loss=1.1056674718856812
Epoch 3, batch 190, loss=1.1002569198608398
Epoch 3, batch 200, loss=1.1495059728622437
Epoch 3, batch 210, loss=1.11423659324646
Epoch 3, batch 220, loss=1.2751036882400513
Epoch 3, batch 230, loss=1.122994065284729
Epoch 3, batch 240, loss=1.182000994682312
Epoch 3, batch 250, loss=1.252386450767517
Epoch 3, batch 260, loss=1.0319433212280273
Epoch 3, batch 270, loss=1.0269594192504883
Epoch 3, batch 280, loss=1.211952567100525
Epoch 3, batch 290, loss=0.9937888979911804
Epoch 3, batch 300, loss=1.2122390270233154
Epoch 3, batch 310, loss=1.113477110862732
Epoch 3, batch 320, loss=1.0724897384643555
Epoch 3, batch 330, loss=1.1349846124649048
Epoch 3, batch 340, loss=1.0761337280273438
Epoch 3, batch 350, loss=1.0627002716064453
Average epoch loss=1.1219390854862075
Average accuracy across all batches=0.5703872036208446 at d=0.7999974635296146
Epoch 4, batch 0, loss=1.0421290397644043
Epoch 4, batch 10, loss=1.152739405632019
Epoch 4, batch 20, loss=0.9072142243385315
Epoch 4, batch 30, loss=1.086113691329956
Epoch 4, batch 40, loss=1.218127727508545
Epoch 4, batch 50, loss=1.0987837314605713
Epoch 4, batch 60, loss=1.1928274631500244
Epoch 4, batch 70, loss=1.0532262325286865
Epoch 4, batch 80, loss=1.0223863124847412
Epoch 4, batch 90, loss=1.1526222229003906
Epoch 4, batch 100, loss=1.1046535968780518
Epoch 4, batch 110, loss=1.1080029010772705
Epoch 4, batch 120, loss=1.1469967365264893
Epoch 4, batch 130, loss=0.9809094071388245
Epoch 4, batch 140, loss=1.106946349143982
Epoch 4, batch 150, loss=1.1391968727111816
Epoch 4, batch 160, loss=1.1805816888809204
Epoch 4, batch 170, loss=1.0555883646011353
Epoch 4, batch 180, loss=1.1336569786071777
Epoch 4, batch 190, loss=1.232043981552124
Epoch 4, batch 200, loss=0.9873456954956055
Epoch 4, batch 210, loss=1.2772222757339478
Epoch 4, batch 220, loss=1.0989301204681396
Epoch 4, batch 230, loss=1.0971391201019287
Epoch 4, batch 240, loss=1.183448314666748
Epoch 4, batch 250, loss=1.2008545398712158
Epoch 4, batch 260, loss=1.234670877456665
Epoch 4, batch 270, loss=1.0293934345245361
Epoch 4, batch 280, loss=1.070451259613037
Epoch 4, batch 290, loss=1.0295199155807495
Epoch 4, batch 300, loss=0.9318506717681885
Epoch 4, batch 310, loss=1.1161786317825317
Epoch 4, batch 320, loss=1.1414735317230225
Epoch 4, batch 330, loss=1.476662039756775
Epoch 4, batch 340, loss=1.183060646057129
Epoch 4, batch 350, loss=1.1029287576675415
Average epoch loss=1.125468165761581
Average accuracy across all batches=0.5690454265931055 at d=0.9182103782311485
Epoch 5, batch 0, loss=1.13068687915802
Epoch 5, batch 10, loss=1.1319292783737183
Epoch 5, batch 20, loss=1.1737909317016602
Epoch 5, batch 30, loss=1.078873634338379
Epoch 5, batch 40, loss=1.181200385093689
Epoch 5, batch 50, loss=1.2215933799743652
Epoch 5, batch 60, loss=0.9534693956375122
Epoch 5, batch 70, loss=1.0644385814666748
Epoch 5, batch 80, loss=1.1308969259262085
Epoch 5, batch 90, loss=1.1426587104797363
Epoch 5, batch 100, loss=1.1023023128509521
Epoch 5, batch 110, loss=1.2356202602386475
Epoch 5, batch 120, loss=0.9614433646202087
Epoch 5, batch 130, loss=1.2053135633468628
Epoch 5, batch 140, loss=1.056644320487976
Epoch 5, batch 150, loss=1.097243309020996
Epoch 5, batch 160, loss=0.994950532913208
Epoch 5, batch 170, loss=1.1498847007751465
Epoch 5, batch 180, loss=1.046420693397522
Epoch 5, batch 190, loss=1.1317832469940186
Epoch 5, batch 200, loss=0.9361884593963623
Epoch 5, batch 210, loss=0.932915210723877
Epoch 5, batch 220, loss=1.1630480289459229
Epoch 5, batch 230, loss=1.1567391157150269
Epoch 5, batch 240, loss=1.2422945499420166
Epoch 5, batch 250, loss=1.2288082838058472
Epoch 5, batch 260, loss=1.1268422603607178
Epoch 5, batch 270, loss=1.1332838535308838
Epoch 5, batch 280, loss=1.0501799583435059
Epoch 5, batch 290, loss=1.0319843292236328
Epoch 5, batch 300, loss=1.5398502349853516
Epoch 5, batch 310, loss=1.0853503942489624
Epoch 5, batch 320, loss=1.1079585552215576
Epoch 5, batch 330, loss=1.1025159358978271
Epoch 5, batch 340, loss=1.323746919631958
Epoch 5, batch 350, loss=1.0822639465332031
Average epoch loss=1.125170485720993
Average accuracy across all batches=0.5522720362432197 at d=0.830233631401847
Epoch 6, batch 0, loss=1.1027116775512695
Epoch 6, batch 10, loss=1.088209867477417
Epoch 6, batch 20, loss=1.1474143266677856
Epoch 6, batch 30, loss=0.9530144333839417
Epoch 6, batch 40, loss=1.0413177013397217
Epoch 6, batch 50, loss=1.1078556776046753
Epoch 6, batch 60, loss=0.9818257093429565
Epoch 6, batch 70, loss=1.178826093673706
Epoch 6, batch 80, loss=1.220002293586731
Epoch 6, batch 90, loss=1.0967915058135986
Epoch 6, batch 100, loss=1.2370017766952515
Epoch 6, batch 110, loss=1.184126853942871
Epoch 6, batch 120, loss=1.195381760597229
Epoch 6, batch 130, loss=1.1947638988494873
Epoch 6, batch 140, loss=1.0365105867385864
Epoch 6, batch 150, loss=1.0889263153076172
Epoch 6, batch 160, loss=1.1775901317596436
Epoch 6, batch 170, loss=1.2848716974258423
Epoch 6, batch 180, loss=1.1727792024612427
Epoch 6, batch 190, loss=1.0958681106567383
Epoch 6, batch 200, loss=1.2128043174743652
Epoch 6, batch 210, loss=1.0545549392700195
Epoch 6, batch 220, loss=1.1444693803787231
Epoch 6, batch 230, loss=1.058175802230835
Epoch 6, batch 240, loss=1.0709609985351562
Epoch 6, batch 250, loss=0.9325997829437256
Epoch 6, batch 260, loss=1.0883605480194092
Epoch 6, batch 270, loss=1.038339614868164
Epoch 6, batch 280, loss=1.171034574508667
Epoch 6, batch 290, loss=1.1296063661575317
Epoch 6, batch 300, loss=1.199859619140625
Epoch 6, batch 310, loss=1.2134816646575928
Epoch 6, batch 320, loss=1.120276927947998
Epoch 6, batch 330, loss=1.0777084827423096
Epoch 6, batch 340, loss=1.3587993383407593
Epoch 6, batch 350, loss=1.1436033248901367
Average epoch loss=1.1180080650244584
Average accuracy across all batches=0.5721129854631473 at d=0.9615554540714925
Epoch 7, batch 0, loss=1.028954267501831
Epoch 7, batch 10, loss=0.9805998802185059
Epoch 7, batch 20, loss=1.0408422946929932
Epoch 7, batch 30, loss=1.0210992097854614
Epoch 7, batch 40, loss=1.1591181755065918
Epoch 7, batch 50, loss=1.1670305728912354
Epoch 7, batch 60, loss=1.1571353673934937
Epoch 7, batch 70, loss=1.2309119701385498
Epoch 7, batch 80, loss=1.0170140266418457
Epoch 7, batch 90, loss=1.1426403522491455
Epoch 7, batch 100, loss=1.1182706356048584
Epoch 7, batch 110, loss=1.0948678255081177
Epoch 7, batch 120, loss=1.2316961288452148
Epoch 7, batch 130, loss=1.208264708518982
Epoch 7, batch 140, loss=1.1619359254837036
Epoch 7, batch 150, loss=1.1837990283966064
Epoch 7, batch 160, loss=1.27238130569458
Epoch 7, batch 170, loss=1.1764898300170898
Epoch 7, batch 180, loss=1.2382228374481201
Epoch 7, batch 190, loss=1.1014453172683716
Epoch 7, batch 200, loss=1.2396240234375
Epoch 7, batch 210, loss=1.1281863451004028
Epoch 7, batch 220, loss=1.081766963005066
Epoch 7, batch 230, loss=1.122750997543335
Epoch 7, batch 240, loss=1.0315089225769043
Epoch 7, batch 250, loss=1.2028260231018066
Epoch 7, batch 260, loss=1.3114242553710938
Epoch 7, batch 270, loss=1.1884593963623047
Epoch 7, batch 280, loss=1.0762676000595093
Epoch 7, batch 290, loss=0.9686807990074158
Epoch 7, batch 300, loss=1.2379177808761597
Epoch 7, batch 310, loss=1.1584645509719849
Epoch 7, batch 320, loss=1.0260002613067627
Epoch 7, batch 330, loss=1.1527073383331299
Epoch 7, batch 340, loss=1.0024775266647339
Epoch 7, batch 350, loss=1.1170443296432495
Average epoch loss=1.1206480040523668
Average accuracy across all batches=0.5712699113046036 at d=0.9166840929322333
Epoch 8, batch 0, loss=1.0837780237197876
Epoch 8, batch 10, loss=1.1648852825164795
Epoch 8, batch 20, loss=1.0468471050262451
Epoch 8, batch 30, loss=1.1698675155639648
Epoch 8, batch 40, loss=1.3565115928649902
Epoch 8, batch 50, loss=1.179229974746704
Epoch 8, batch 60, loss=1.1378567218780518
Epoch 8, batch 70, loss=1.1484328508377075
Epoch 8, batch 80, loss=1.127814531326294
Epoch 8, batch 90, loss=1.1809420585632324
Epoch 8, batch 100, loss=1.019820213317871
Epoch 8, batch 110, loss=1.0866787433624268
Epoch 8, batch 120, loss=0.9248892068862915
Epoch 8, batch 130, loss=1.0863497257232666
Epoch 8, batch 140, loss=1.0236283540725708
Epoch 8, batch 150, loss=1.2018967866897583
Epoch 8, batch 160, loss=1.0355299711227417
Epoch 8, batch 170, loss=1.0447685718536377
Epoch 8, batch 180, loss=1.0939228534698486
Epoch 8, batch 190, loss=1.1108713150024414
Epoch 8, batch 200, loss=1.0897186994552612
Epoch 8, batch 210, loss=1.1378353834152222
Epoch 8, batch 220, loss=1.0282732248306274
Epoch 8, batch 230, loss=1.1219992637634277
Epoch 8, batch 240, loss=1.1975764036178589
Epoch 8, batch 250, loss=1.0847711563110352
Epoch 8, batch 260, loss=1.199635624885559
Epoch 8, batch 270, loss=1.2290877103805542
Epoch 8, batch 280, loss=1.098251461982727
Epoch 8, batch 290, loss=0.952843427658081
Epoch 8, batch 300, loss=1.1059247255325317
Epoch 8, batch 310, loss=0.9665096402168274
Epoch 8, batch 320, loss=0.9473167657852173
Epoch 8, batch 330, loss=0.9004336595535278
Epoch 8, batch 340, loss=1.0303096771240234
Epoch 8, batch 350, loss=1.060252070426941
Average epoch loss=1.1244574522905695
Average accuracy across all batches=0.5633832228596518 at d=0.8095313493756561
Epoch 9, batch 0, loss=1.143206000328064
Epoch 9, batch 10, loss=2.3384318351745605
Epoch 9, batch 20, loss=1.2662055492401123
Epoch 9, batch 30, loss=1.1433906555175781
Epoch 9, batch 40, loss=1.6813839673995972
Epoch 9, batch 50, loss=1.7688677310943604
Epoch 9, batch 60, loss=1.1802942752838135
Epoch 9, batch 70, loss=1.1482552289962769
Epoch 9, batch 80, loss=1.070309042930603
Epoch 9, batch 90, loss=1.0648047924041748
Epoch 9, batch 100, loss=1.1633907556533813
Epoch 9, batch 110, loss=1.2000879049301147
Epoch 9, batch 120, loss=1.0469721555709839
Epoch 9, batch 130, loss=1.4068098068237305
Epoch 9, batch 140, loss=0.9961831569671631
Epoch 9, batch 150, loss=1.1418286561965942
Epoch 9, batch 160, loss=1.0463377237319946
Epoch 9, batch 170, loss=1.1645700931549072
Epoch 9, batch 180, loss=1.0410280227661133
Epoch 9, batch 190, loss=1.2209748029708862
Epoch 9, batch 200, loss=1.1175506114959717
Epoch 9, batch 210, loss=1.1487128734588623
Epoch 9, batch 220, loss=1.120825171470642
Epoch 9, batch 230, loss=1.098994493484497
Epoch 9, batch 240, loss=1.1394126415252686
Epoch 9, batch 250, loss=1.0657927989959717
Epoch 9, batch 260, loss=1.27829909324646
Epoch 9, batch 270, loss=1.108115792274475
Epoch 9, batch 280, loss=1.137532114982605
Epoch 9, batch 290, loss=1.1819205284118652
Epoch 9, batch 300, loss=0.9875500202178955
Epoch 9, batch 310, loss=1.188629150390625
Epoch 9, batch 320, loss=1.384105920791626
Epoch 9, batch 330, loss=1.1099038124084473
Epoch 9, batch 340, loss=1.1097242832183838
Epoch 9, batch 350, loss=1.0288591384887695
Average epoch loss=1.1629650302252066
Average accuracy across all batches=0.5631262288815936 at d=0.9527613112576798
Epoch 10, batch 0, loss=0.986282229423523
Epoch 10, batch 10, loss=1.1779741048812866
Epoch 10, batch 20, loss=1.0918937921524048
Epoch 10, batch 30, loss=1.0649060010910034
Epoch 10, batch 40, loss=1.077628254890442
Epoch 10, batch 50, loss=1.1103101968765259
Epoch 10, batch 60, loss=1.0972172021865845
Epoch 10, batch 70, loss=1.0700299739837646
Epoch 10, batch 80, loss=1.1954820156097412
Epoch 10, batch 90, loss=1.2446672916412354
Epoch 10, batch 100, loss=1.1175634860992432
Epoch 10, batch 110, loss=1.1470365524291992
Epoch 10, batch 120, loss=1.1500802040100098
Epoch 10, batch 130, loss=1.184554100036621
Epoch 10, batch 140, loss=0.9971070885658264
Epoch 10, batch 150, loss=0.9954986572265625
Epoch 10, batch 160, loss=1.161109209060669
Epoch 10, batch 170, loss=1.0701904296875
Epoch 10, batch 180, loss=1.123225212097168
Epoch 10, batch 190, loss=1.2159990072250366
Epoch 10, batch 200, loss=1.0144577026367188
Epoch 10, batch 210, loss=1.1382371187210083
Epoch 10, batch 220, loss=1.2343366146087646
Epoch 10, batch 230, loss=1.0372405052185059
Epoch 10, batch 240, loss=1.1059995889663696
Epoch 10, batch 250, loss=1.1525728702545166
Epoch 10, batch 260, loss=1.181471824645996
Epoch 10, batch 270, loss=1.0470354557037354
Epoch 10, batch 280, loss=1.2858195304870605
Epoch 10, batch 290, loss=1.1568920612335205
Epoch 10, batch 300, loss=1.0595476627349854
Epoch 10, batch 310, loss=1.0976417064666748
Epoch 10, batch 320, loss=1.1606281995773315
Epoch 10, batch 330, loss=1.0974302291870117
Epoch 10, batch 340, loss=1.1143569946289062
Epoch 10, batch 350, loss=1.0690548419952393
Average epoch loss=1.1212496456993655
Average accuracy across all batches=0.5657148598487821 at d=0.8327456881924025
Epoch 11, batch 0, loss=1.2206352949142456
Epoch 11, batch 10, loss=1.0596634149551392
Epoch 11, batch 20, loss=1.1741470098495483
Epoch 11, batch 30, loss=1.3334461450576782
Epoch 11, batch 40, loss=1.2736339569091797
Epoch 11, batch 50, loss=1.1684879064559937
Epoch 11, batch 60, loss=1.1564788818359375
Epoch 11, batch 70, loss=1.180953025817871
Epoch 11, batch 80, loss=1.0931087732315063
Epoch 11, batch 90, loss=1.1425626277923584
Epoch 11, batch 100, loss=1.020258903503418
Epoch 11, batch 110, loss=1.1793310642242432
Epoch 11, batch 120, loss=1.2013691663742065
Epoch 11, batch 130, loss=1.1365649700164795
Epoch 11, batch 140, loss=1.1480538845062256
Epoch 11, batch 150, loss=1.0263407230377197
Epoch 11, batch 160, loss=1.0524779558181763
Epoch 11, batch 170, loss=1.0809320211410522
Epoch 11, batch 180, loss=1.1333544254302979
Epoch 11, batch 190, loss=1.0746392011642456
Epoch 11, batch 200, loss=1.1321609020233154
Epoch 11, batch 210, loss=1.0770636796951294
Epoch 11, batch 220, loss=1.2611255645751953
Epoch 11, batch 230, loss=1.1563224792480469
Epoch 11, batch 240, loss=1.051339864730835
Epoch 11, batch 250, loss=1.2215023040771484
Epoch 11, batch 260, loss=1.1432034969329834
Epoch 11, batch 270, loss=1.059203028678894
Epoch 11, batch 280, loss=1.0461313724517822
Epoch 11, batch 290, loss=1.201962947845459
Epoch 11, batch 300, loss=1.101852297782898
Epoch 11, batch 310, loss=0.941462516784668
Epoch 11, batch 320, loss=1.2284098863601685
Epoch 11, batch 330, loss=1.1740995645523071
Epoch 11, batch 340, loss=1.1780776977539062
Epoch 11, batch 350, loss=1.26542329788208
Average epoch loss=1.126527512970077
Average accuracy across all batches=0.5668181926601347 at d=0.8974331862088087
Epoch 12, batch 0, loss=1.1665458679199219
Epoch 12, batch 10, loss=0.8681191802024841
Epoch 12, batch 20, loss=1.2159427404403687
Epoch 12, batch 30, loss=1.1457544565200806
Epoch 12, batch 40, loss=1.1965343952178955
Epoch 12, batch 50, loss=1.1413768529891968
Epoch 12, batch 60, loss=1.285488486289978
Epoch 12, batch 70, loss=1.0761473178863525
Epoch 12, batch 80, loss=1.0493215322494507
Epoch 12, batch 90, loss=1.1642650365829468
Epoch 12, batch 100, loss=1.079136848449707
Epoch 12, batch 110, loss=0.9551715850830078
Epoch 12, batch 120, loss=1.0369826555252075
Epoch 12, batch 130, loss=1.032530665397644
Epoch 12, batch 140, loss=1.07438063621521
Epoch 12, batch 150, loss=1.1212306022644043
Epoch 12, batch 160, loss=1.044381856918335
Epoch 12, batch 170, loss=0.9724140167236328
Epoch 12, batch 180, loss=1.0187177658081055
Epoch 12, batch 190, loss=0.9475308060646057
Epoch 12, batch 200, loss=1.0567958354949951
Epoch 12, batch 210, loss=1.1492691040039062
Epoch 12, batch 220, loss=1.1528570652008057
Epoch 12, batch 230, loss=1.165018081665039
Epoch 12, batch 240, loss=1.051438808441162
Epoch 12, batch 250, loss=1.1357537508010864
Epoch 12, batch 260, loss=1.2202353477478027
Epoch 12, batch 270, loss=1.0778498649597168
Epoch 12, batch 280, loss=1.0177977085113525
Epoch 12, batch 290, loss=1.0399065017700195
Epoch 12, batch 300, loss=1.1576626300811768
Epoch 12, batch 310, loss=1.0570895671844482
Epoch 12, batch 320, loss=1.1812068223953247
Epoch 12, batch 330, loss=1.078285813331604
Epoch 12, batch 340, loss=1.1478358507156372
Epoch 12, batch 350, loss=1.1972453594207764
Average epoch loss=1.1220550261500155
Average accuracy across all batches=0.5669450379285905 at d=1.0089166529736722
Epoch 13, batch 0, loss=1.054340124130249
Epoch 13, batch 10, loss=1.0845733880996704
Epoch 13, batch 20, loss=1.1197566986083984
Epoch 13, batch 30, loss=1.1744449138641357
Epoch 13, batch 40, loss=1.1224762201309204
Epoch 13, batch 50, loss=1.1191904544830322
Epoch 13, batch 60, loss=1.030152440071106
Epoch 13, batch 70, loss=1.323594331741333
Epoch 13, batch 80, loss=1.0423489809036255
Epoch 13, batch 90, loss=1.0044580698013306
Epoch 13, batch 100, loss=1.1625405550003052
Epoch 13, batch 110, loss=1.2211430072784424
Epoch 13, batch 120, loss=1.075437307357788
Epoch 13, batch 130, loss=1.2830175161361694
Epoch 13, batch 140, loss=1.153261661529541
Epoch 13, batch 150, loss=1.0154163837432861
Epoch 13, batch 160, loss=1.2196688652038574
Epoch 13, batch 170, loss=1.0690913200378418
Epoch 13, batch 180, loss=1.1210987567901611
Epoch 13, batch 190, loss=1.110357642173767
Epoch 13, batch 200, loss=1.0312983989715576
Epoch 13, batch 210, loss=1.1317267417907715
Epoch 13, batch 220, loss=1.0409350395202637
Epoch 13, batch 230, loss=1.163703441619873
Epoch 13, batch 240, loss=1.1777540445327759
Epoch 13, batch 250, loss=1.1709887981414795
Epoch 13, batch 260, loss=1.227979063987732
Epoch 13, batch 270, loss=1.044231653213501
Epoch 13, batch 280, loss=1.0673766136169434
Epoch 13, batch 290, loss=1.095097303390503
Epoch 13, batch 300, loss=1.1960108280181885
Epoch 13, batch 310, loss=1.097423791885376
Epoch 13, batch 320, loss=1.0970656871795654
Epoch 13, batch 330, loss=1.0353679656982422
Epoch 13, batch 340, loss=1.0844440460205078
Epoch 13, batch 350, loss=1.1673368215560913
Average epoch loss=1.1205519248516114
Average accuracy across all batches=0.5642861680050018 at d=0.8526988119062627
Epoch 14, batch 0, loss=1.2083916664123535
Epoch 14, batch 10, loss=1.0488638877868652
Epoch 14, batch 20, loss=1.2556341886520386
Epoch 14, batch 30, loss=1.0391682386398315
Epoch 14, batch 40, loss=1.1344263553619385
Epoch 14, batch 50, loss=1.0510753393173218
Epoch 14, batch 60, loss=1.0329437255859375
Epoch 14, batch 70, loss=1.1494289636611938
Epoch 14, batch 80, loss=1.2348250150680542
Epoch 14, batch 90, loss=1.1754083633422852
Epoch 14, batch 100, loss=1.211287021636963
Epoch 14, batch 110, loss=1.239039659500122
Epoch 14, batch 120, loss=1.2283995151519775
Epoch 14, batch 130, loss=1.1779608726501465
Epoch 14, batch 140, loss=1.192598819732666
Epoch 14, batch 150, loss=0.9723084568977356
Epoch 14, batch 160, loss=0.9712628722190857
Epoch 14, batch 170, loss=1.2678303718566895
Epoch 14, batch 180, loss=0.9839328527450562
Epoch 14, batch 190, loss=1.0808074474334717
Epoch 14, batch 200, loss=1.0196897983551025
Epoch 14, batch 210, loss=1.1783846616744995
Epoch 14, batch 220, loss=1.1740961074829102
Epoch 14, batch 230, loss=1.2126579284667969
Epoch 14, batch 240, loss=1.1999284029006958
Epoch 14, batch 250, loss=1.2030198574066162
Epoch 14, batch 260, loss=1.0005524158477783
Epoch 14, batch 270, loss=1.0388636589050293
Epoch 14, batch 280, loss=1.152466058731079
Epoch 14, batch 290, loss=1.2884442806243896
Epoch 14, batch 300, loss=1.0714417695999146
Epoch 14, batch 310, loss=1.1119581460952759
Epoch 14, batch 320, loss=1.0541621446609497
Epoch 14, batch 330, loss=1.0848462581634521
Epoch 14, batch 340, loss=1.1073939800262451
Epoch 14, batch 350, loss=0.9769402742385864
Average epoch loss=1.1204768719779417
Average accuracy across all batches=0.5580891915392414 at d=0.8499331882066985
Epoch 15, batch 0, loss=0.931605339050293
Epoch 15, batch 10, loss=1.285963535308838
Epoch 15, batch 20, loss=1.1031228303909302
Epoch 15, batch 30, loss=1.2115538120269775
Epoch 15, batch 40, loss=1.2654508352279663
Epoch 15, batch 50, loss=1.0543920993804932
Epoch 15, batch 60, loss=1.1253280639648438
Epoch 15, batch 70, loss=0.9670001864433289
Epoch 15, batch 80, loss=1.093566656112671
Epoch 15, batch 90, loss=1.061952829360962
Epoch 15, batch 100, loss=1.0998693704605103
Epoch 15, batch 110, loss=1.1500418186187744
Epoch 15, batch 120, loss=1.1435484886169434
Epoch 15, batch 130, loss=1.042598843574524
Epoch 15, batch 140, loss=1.1704717874526978
Epoch 15, batch 150, loss=1.037602424621582
Epoch 15, batch 160, loss=1.138053059577942
Epoch 15, batch 170, loss=1.2531408071517944
Epoch 15, batch 180, loss=1.1647076606750488
Epoch 15, batch 190, loss=1.1191694736480713
Epoch 15, batch 200, loss=1.030791997909546
Epoch 15, batch 210, loss=1.0150986909866333
Epoch 15, batch 220, loss=1.095396637916565
Epoch 15, batch 230, loss=1.0901482105255127
Epoch 15, batch 240, loss=1.1833171844482422
Epoch 15, batch 250, loss=0.9839621782302856
Epoch 15, batch 260, loss=1.1801137924194336
Epoch 15, batch 270, loss=1.0370330810546875
Epoch 15, batch 280, loss=1.106184720993042
Epoch 15, batch 290, loss=1.1530790328979492
Epoch 15, batch 300, loss=1.1867533922195435
Epoch 15, batch 310, loss=1.0362087488174438
Epoch 15, batch 320, loss=1.0325497388839722
Epoch 15, batch 330, loss=1.5054607391357422
Epoch 15, batch 340, loss=1.1991299390792847
Epoch 15, batch 350, loss=1.1589974164962769
Average epoch loss=1.1212146519618447
Average accuracy across all batches=0.5708796595923291 at d=1.0090968304458885
Epoch 16, batch 0, loss=1.1384787559509277
Epoch 16, batch 10, loss=1.136225700378418
Epoch 16, batch 20, loss=1.0680978298187256
Epoch 16, batch 30, loss=1.0838415622711182
Epoch 16, batch 40, loss=1.0692625045776367
Epoch 16, batch 50, loss=1.1390461921691895
Epoch 16, batch 60, loss=1.0409104824066162
Epoch 16, batch 70, loss=1.1106057167053223
Epoch 16, batch 80, loss=0.9760533571243286
Epoch 16, batch 90, loss=1.0883078575134277
Epoch 16, batch 100, loss=0.9456268548965454
Epoch 16, batch 110, loss=1.0794663429260254
Epoch 16, batch 120, loss=1.0134143829345703
Epoch 16, batch 130, loss=1.1743528842926025
Epoch 16, batch 140, loss=1.0073540210723877
Epoch 16, batch 150, loss=1.1255460977554321
Epoch 16, batch 160, loss=1.0759339332580566
Epoch 16, batch 170, loss=1.1428532600402832
Epoch 16, batch 180, loss=1.0092785358428955
Epoch 16, batch 190, loss=0.965299665927887
Epoch 16, batch 200, loss=1.076974868774414
Epoch 16, batch 210, loss=1.0280414819717407
Epoch 16, batch 220, loss=1.0809326171875
Epoch 16, batch 230, loss=1.0341747999191284
Epoch 16, batch 240, loss=1.0465948581695557
Epoch 16, batch 250, loss=1.0996264219284058
Epoch 16, batch 260, loss=1.090973138809204
Epoch 16, batch 270, loss=1.1861950159072876
Epoch 16, batch 280, loss=1.049886703491211
Epoch 16, batch 290, loss=1.277254581451416
Epoch 16, batch 300, loss=1.1251256465911865
Epoch 16, batch 310, loss=1.2274158000946045
Epoch 16, batch 320, loss=1.1328336000442505
Epoch 16, batch 330, loss=1.2308259010314941
Epoch 16, batch 340, loss=0.9345453977584839
Epoch 16, batch 350, loss=0.9841244220733643
Average epoch loss=1.110296011137099
Average accuracy across all batches=0.567441748927619 at d=0.8276782647635987
Epoch 17, batch 0, loss=1.0517144203186035
Epoch 17, batch 10, loss=1.0695066452026367
Epoch 17, batch 20, loss=1.151460886001587
Epoch 17, batch 30, loss=0.9892868399620056
Epoch 17, batch 40, loss=1.0553088188171387
Epoch 17, batch 50, loss=1.3563745021820068
Epoch 17, batch 60, loss=1.2549288272857666
Epoch 17, batch 70, loss=1.0182980298995972
Epoch 17, batch 80, loss=0.9870401620864868
Epoch 17, batch 90, loss=1.048553466796875
Epoch 17, batch 100, loss=1.0604548454284668
Epoch 17, batch 110, loss=1.233832597732544
Epoch 17, batch 120, loss=1.2352080345153809
Epoch 17, batch 130, loss=1.2104206085205078
Epoch 17, batch 140, loss=1.0888246297836304
Epoch 17, batch 150, loss=1.09830641746521
Epoch 17, batch 160, loss=1.096576452255249
Epoch 17, batch 170, loss=1.2099075317382812
Epoch 17, batch 180, loss=1.024099588394165
Epoch 17, batch 190, loss=1.1723651885986328
Epoch 17, batch 200, loss=1.1008925437927246
Epoch 17, batch 210, loss=1.1458563804626465
Epoch 17, batch 220, loss=1.1116529703140259
Epoch 17, batch 230, loss=1.201965093612671
Epoch 17, batch 240, loss=1.217909812927246
Epoch 17, batch 250, loss=1.2355923652648926
Epoch 17, batch 260, loss=1.0947483777999878
Epoch 17, batch 270, loss=1.1579843759536743
Epoch 17, batch 280, loss=1.044365406036377
Epoch 17, batch 290, loss=1.1547683477401733
Epoch 17, batch 300, loss=1.0975011587142944
Epoch 17, batch 310, loss=1.2213263511657715
Epoch 17, batch 320, loss=1.2560533285140991
Epoch 17, batch 330, loss=1.085364580154419
Epoch 17, batch 340, loss=1.2604808807373047
Epoch 17, batch 350, loss=0.9848818182945251
Average epoch loss=1.1237152271948152
Average accuracy across all batches=0.5699409852306137 at d=0.8878706864237051
Epoch 18, batch 0, loss=1.0299772024154663
Epoch 18, batch 10, loss=1.11729097366333
Epoch 18, batch 20, loss=1.3748555183410645
Epoch 18, batch 30, loss=1.0171113014221191
Epoch 18, batch 40, loss=1.0732964277267456
Epoch 18, batch 50, loss=1.1329339742660522
Epoch 18, batch 60, loss=1.1703674793243408
Epoch 18, batch 70, loss=1.1199634075164795
Epoch 18, batch 80, loss=1.0037853717803955
Epoch 18, batch 90, loss=1.1240601539611816
Epoch 18, batch 100, loss=1.199129581451416
Epoch 18, batch 110, loss=1.1409950256347656
Epoch 18, batch 120, loss=1.028976321220398
Epoch 18, batch 130, loss=1.0941767692565918
Epoch 18, batch 140, loss=1.1412450075149536
Epoch 18, batch 150, loss=1.1463675498962402
Epoch 18, batch 160, loss=1.0072743892669678
Epoch 18, batch 170, loss=1.1826460361480713
Epoch 18, batch 180, loss=1.0491503477096558
Epoch 18, batch 190, loss=0.9893316030502319
Epoch 18, batch 200, loss=1.051221251487732
Epoch 18, batch 210, loss=1.2799413204193115
Epoch 18, batch 220, loss=1.0179654359817505
Epoch 18, batch 230, loss=1.1135826110839844
Epoch 18, batch 240, loss=1.2435040473937988
Epoch 18, batch 250, loss=1.1437360048294067
Epoch 18, batch 260, loss=1.1494938135147095
Epoch 18, batch 270, loss=1.1572692394256592
Epoch 18, batch 280, loss=1.055357575416565
Epoch 18, batch 290, loss=1.0481544733047485
Epoch 18, batch 300, loss=1.2403446435928345
Epoch 18, batch 310, loss=1.0727828741073608
Epoch 18, batch 320, loss=1.064070224761963
Epoch 18, batch 330, loss=1.14045250415802
Epoch 18, batch 340, loss=1.0604846477508545
Epoch 18, batch 350, loss=1.0383005142211914
Average epoch loss=1.1212737045580299
Average accuracy across all batches=0.5680977208932796 at d=0.788905944817783
Epoch 19, batch 0, loss=1.1831016540527344
Epoch 19, batch 10, loss=1.01578688621521
Epoch 19, batch 20, loss=0.9524636268615723
Epoch 19, batch 30, loss=1.1691582202911377
Epoch 19, batch 40, loss=1.1437811851501465
Epoch 19, batch 50, loss=1.0186257362365723
Epoch 19, batch 60, loss=1.113661527633667
Epoch 19, batch 70, loss=1.0925990343093872
Epoch 19, batch 80, loss=1.1852471828460693
Epoch 19, batch 90, loss=1.1412367820739746
Epoch 19, batch 100, loss=1.2067954540252686
Epoch 19, batch 110, loss=1.0482938289642334
Epoch 19, batch 120, loss=1.1478111743927002
Epoch 19, batch 130, loss=1.1422747373580933
Epoch 19, batch 140, loss=1.121827483177185
Epoch 19, batch 150, loss=1.156097173690796
Epoch 19, batch 160, loss=1.2021210193634033
Epoch 19, batch 170, loss=1.1775412559509277
Epoch 19, batch 180, loss=1.047410011291504
Epoch 19, batch 190, loss=1.1995553970336914
Epoch 19, batch 200, loss=1.2021747827529907
Epoch 19, batch 210, loss=1.239927053451538
Epoch 19, batch 220, loss=1.128659963607788
Epoch 19, batch 230, loss=1.1318918466567993
Epoch 19, batch 240, loss=1.060935616493225
Epoch 19, batch 250, loss=0.8830288052558899
Epoch 19, batch 260, loss=0.9373273849487305
Epoch 19, batch 270, loss=1.0826624631881714
Epoch 19, batch 280, loss=1.2106964588165283
Epoch 19, batch 290, loss=1.0930743217468262
Epoch 19, batch 300, loss=1.0858972072601318
Epoch 19, batch 310, loss=1.215638518333435
Epoch 19, batch 320, loss=1.1075358390808105
Epoch 19, batch 330, loss=1.2425205707550049
Epoch 19, batch 340, loss=1.127242088317871
Epoch 19, batch 350, loss=1.0579423904418945
Average epoch loss=1.1190521657300858
Average accuracy across all batches=0.5697751480423848 at d=0.8654664215047962
Epoch 20, batch 0, loss=1.281826376914978
Epoch 20, batch 10, loss=0.905573844909668
Epoch 20, batch 20, loss=1.1982619762420654
Epoch 20, batch 30, loss=1.2016634941101074
Epoch 20, batch 40, loss=1.2300310134887695
Epoch 20, batch 50, loss=1.2762854099273682
Epoch 20, batch 60, loss=1.2428861856460571
Epoch 20, batch 70, loss=0.9905263781547546
Epoch 20, batch 80, loss=1.1923474073410034
Epoch 20, batch 90, loss=1.1141777038574219
Epoch 20, batch 100, loss=1.2025325298309326
Epoch 20, batch 110, loss=1.1105060577392578
Epoch 20, batch 120, loss=1.164857268333435
Epoch 20, batch 130, loss=1.145686388015747
Epoch 20, batch 140, loss=1.1918431520462036
Epoch 20, batch 150, loss=1.289901614189148
Epoch 20, batch 160, loss=1.0086090564727783
Epoch 20, batch 170, loss=1.050917387008667
Epoch 20, batch 180, loss=1.249361515045166
Epoch 20, batch 190, loss=1.187131404876709
Epoch 20, batch 200, loss=1.1335316896438599
Epoch 20, batch 210, loss=1.1896859407424927
Epoch 20, batch 220, loss=0.9934995174407959
Epoch 20, batch 230, loss=1.0611153841018677
Epoch 20, batch 240, loss=1.1234023571014404
Epoch 20, batch 250, loss=1.1939752101898193
Epoch 20, batch 260, loss=1.368245244026184
Epoch 20, batch 270, loss=1.0211470127105713
Epoch 20, batch 280, loss=1.1089868545532227
Epoch 20, batch 290, loss=1.2049819231033325
Epoch 20, batch 300, loss=1.2815639972686768
Epoch 20, batch 310, loss=1.129259467124939
Epoch 20, batch 320, loss=1.1236011981964111
Epoch 20, batch 330, loss=1.1734099388122559
Epoch 20, batch 340, loss=1.2742258310317993
Epoch 20, batch 350, loss=1.0817999839782715
Average epoch loss=1.128769298117805
Average accuracy across all batches=0.5632466342981645 at d=0.9954165565452339
