Namespace(batch_size=64, epochs=20, lr=0.001, model_name='SiameseConvNet', weight_decay=0.0001)
Compose(
    Resize(size=(220, 155), interpolation=bilinear, max_size=None, antialias=None)
    Grayscale(num_output_channels=1)
    ToTensor()
)
Epoch 1, batch 0, loss=2.0966603755950928
Epoch 1, batch 100, loss=0.2615840435028076
Epoch 1, batch 200, loss=1.7672184705734253
Epoch 1, batch 300, loss=0.36326152086257935
Average epoch loss=1.2661507656865216
Average accuracy across all batches=0.9918096749812694 at d=0.36277465632557887
Epoch 2, batch 0, loss=0.15890923142433167
Epoch 2, batch 100, loss=0.062377143651247025
Epoch 2, batch 200, loss=0.04708510637283325
Epoch 2, batch 300, loss=0.08607020974159241
Average epoch loss=0.09205753019489452
Average accuracy across all batches=0.9971795478752353 at d=0.7566516880919231
Epoch 3, batch 0, loss=0.03392985463142395
Epoch 3, batch 100, loss=0.11499079316854477
Epoch 3, batch 200, loss=0.07406412065029144
Epoch 3, batch 300, loss=0.029291149228811264
Average epoch loss=0.07160900838019373
Average accuracy across all batches=0.9966844285434128 at d=0.5539753093579788
Epoch 4, batch 0, loss=0.05121087655425072
Epoch 4, batch 100, loss=0.015987761318683624
Epoch 4, batch 110, loss=0.026932038366794586
Epoch 4, batch 120, loss=0.0370168536901474
Epoch 4, batch 130, loss=0.1385984718799591
Epoch 4, batch 140, loss=0.1352340281009674
Epoch 4, batch 150, loss=0.021178705617785454
Epoch 4, batch 160, loss=0.012243339791893959
Epoch 4, batch 170, loss=0.054949551820755005
Epoch 4, batch 180, loss=0.0325414203107357
Epoch 4, batch 190, loss=0.06001253426074982
Epoch 4, batch 200, loss=0.06741306185722351
Epoch 4, batch 210, loss=0.057423993945121765
Epoch 4, batch 220, loss=0.01982857473194599
Epoch 4, batch 230, loss=0.09917481243610382
Epoch 4, batch 240, loss=0.04905886948108673
Epoch 4, batch 250, loss=0.01879076659679413
Epoch 4, batch 260, loss=0.028312288224697113
Epoch 4, batch 270, loss=0.019586335867643356
Epoch 4, batch 280, loss=0.00831293873488903
Epoch 4, batch 290, loss=0.06643110513687134
Epoch 4, batch 300, loss=0.07513203471899033
Epoch 4, batch 310, loss=0.028021307662129402
Epoch 4, batch 320, loss=0.029233530163764954
Epoch 4, batch 330, loss=0.03501998260617256
Epoch 4, batch 340, loss=0.0316714346408844
Epoch 4, batch 350, loss=0.0356079638004303
Average epoch loss=0.045789849050706224
Average accuracy across all batches=1.0 at d=0.5951533425510865
Epoch 5, batch 0, loss=0.0420135073363781
Epoch 5, batch 10, loss=0.05318231135606766
Epoch 5, batch 20, loss=0.028901854529976845
Epoch 5, batch 30, loss=0.07168234139680862
Epoch 5, batch 40, loss=0.014081640169024467
Epoch 5, batch 50, loss=0.02853579819202423
Epoch 5, batch 60, loss=0.05448823422193527
Epoch 5, batch 70, loss=0.019786451011896133
Epoch 5, batch 80, loss=0.01848939061164856
Epoch 5, batch 90, loss=0.15391790866851807
Epoch 5, batch 100, loss=0.16053566336631775
Epoch 5, batch 200, loss=0.023271476849913597
Epoch 5, batch 300, loss=0.013552539981901646
Average epoch loss=0.04742637270423363
Average accuracy across all batches=1.0 at d=0.49745979074173396
Epoch 6, batch 0, loss=0.04922116547822952
Epoch 6, batch 100, loss=0.04291921481490135
Epoch 6, batch 200, loss=0.015751607716083527
Epoch 6, batch 300, loss=0.021924562752246857
Epoch 6, batch 310, loss=0.04203197732567787
Epoch 6, batch 320, loss=0.026819445192813873
Epoch 6, batch 330, loss=0.03758016601204872
Epoch 6, batch 340, loss=0.02759275957942009
Epoch 6, batch 350, loss=0.01959218829870224
Average epoch loss=0.045839478762451986
Average accuracy across all batches=0.9979312242565375 at d=0.9013383598243825
Epoch 7, batch 0, loss=0.04561665654182434
Epoch 7, batch 10, loss=0.05357382446527481
Epoch 7, batch 20, loss=0.024431664496660233
Epoch 7, batch 30, loss=0.01848679780960083
Epoch 7, batch 40, loss=0.010885804891586304
Epoch 7, batch 50, loss=0.023961616680026054
Epoch 7, batch 60, loss=0.02526392787694931
Epoch 7, batch 70, loss=0.0091949962079525
Epoch 7, batch 80, loss=0.01637881062924862
Epoch 7, batch 90, loss=0.08963517844676971
Epoch 7, batch 100, loss=0.08009348809719086
Epoch 7, batch 110, loss=0.07022272050380707
Epoch 7, batch 120, loss=0.017926659435033798
Epoch 7, batch 130, loss=0.02907630242407322
Epoch 7, batch 140, loss=0.036216020584106445
Epoch 7, batch 150, loss=0.052603691816329956
Epoch 7, batch 160, loss=0.011264080181717873
Epoch 7, batch 170, loss=0.011660359799861908
Epoch 7, batch 180, loss=0.06721948087215424
Epoch 7, batch 190, loss=0.06562189757823944
Epoch 7, batch 200, loss=0.07049667090177536
Epoch 7, batch 210, loss=0.11001022905111313
Epoch 7, batch 220, loss=0.03929205983877182
Epoch 7, batch 230, loss=0.04250571131706238
Epoch 7, batch 240, loss=0.030484527349472046
Epoch 7, batch 250, loss=0.052907463163137436
Epoch 7, batch 260, loss=0.03402519226074219
Epoch 7, batch 270, loss=0.025871168822050095
Epoch 7, batch 280, loss=0.03706906735897064
Epoch 7, batch 290, loss=0.010537909343838692
Epoch 7, batch 300, loss=0.01161256991326809
Epoch 7, batch 310, loss=0.032716475427150726
Epoch 7, batch 320, loss=0.008889648132026196
Epoch 7, batch 330, loss=0.02611433155834675
Epoch 7, batch 340, loss=0.026973549276590347
Epoch 7, batch 350, loss=0.01932540349662304
Average epoch loss=0.046632166958380294
Average accuracy across all batches=1.0 at d=0.33138407308899365
Epoch 8, batch 0, loss=0.08466202765703201
Epoch 8, batch 10, loss=0.03644975274801254
Epoch 8, batch 20, loss=0.06683344393968582
Epoch 8, batch 30, loss=0.030430655926465988
Epoch 8, batch 40, loss=0.01625465601682663
Epoch 8, batch 50, loss=0.06481517851352692
Epoch 8, batch 60, loss=0.10829009860754013
Epoch 8, batch 70, loss=0.054642945528030396
Epoch 8, batch 80, loss=0.013338852673768997
Epoch 8, batch 90, loss=0.032200850546360016
Epoch 8, batch 100, loss=0.015554546378552914
Epoch 8, batch 110, loss=0.032443709671497345
Epoch 8, batch 120, loss=0.028208550065755844
Epoch 8, batch 130, loss=0.009075782261788845
Epoch 8, batch 140, loss=0.03672314062714577
Epoch 8, batch 150, loss=0.01562429964542389
Epoch 8, batch 160, loss=0.03481832891702652
Epoch 8, batch 170, loss=0.010547099635004997
Epoch 8, batch 180, loss=0.02342870458960533
Epoch 8, batch 190, loss=0.016322573646903038
Epoch 8, batch 200, loss=0.01740945130586624
Epoch 8, batch 210, loss=0.01817930117249489
Epoch 8, batch 220, loss=0.024483881890773773
Epoch 8, batch 230, loss=0.025440312922000885
Epoch 8, batch 240, loss=0.11030575633049011
Epoch 8, batch 250, loss=0.1375741809606552
Epoch 8, batch 260, loss=0.045880891382694244
Epoch 8, batch 270, loss=0.023819301277399063
Epoch 8, batch 280, loss=0.007017780095338821
Epoch 8, batch 290, loss=0.013456903398036957
Epoch 8, batch 300, loss=0.021793071180582047
Epoch 8, batch 310, loss=0.10505477339029312
Epoch 8, batch 320, loss=0.1539178490638733
Epoch 8, batch 330, loss=0.1133025661110878
Epoch 8, batch 340, loss=0.049408867955207825
Epoch 8, batch 350, loss=0.06037101894617081
Average epoch loss=0.04475762019865215
Average accuracy across all batches=0.999544591543514 at d=0.5869464597196207
Epoch 9, batch 0, loss=0.022256162017583847
Epoch 9, batch 10, loss=0.06511615961790085
Epoch 9, batch 20, loss=0.032231397926807404
Epoch 9, batch 30, loss=0.03565327823162079
Epoch 9, batch 40, loss=0.041211992502212524
Epoch 9, batch 50, loss=0.029191259294748306
Epoch 9, batch 60, loss=0.06306789815425873
Epoch 9, batch 70, loss=0.08955811709165573
Epoch 9, batch 80, loss=0.040375858545303345
Epoch 9, batch 90, loss=0.04293813556432724
Epoch 9, batch 100, loss=0.01683003455400467
Epoch 9, batch 110, loss=0.01985747553408146
Epoch 9, batch 120, loss=0.010218415409326553
Epoch 9, batch 130, loss=0.031183281913399696
Epoch 9, batch 140, loss=0.04559981822967529
Epoch 9, batch 150, loss=0.04146793484687805
Epoch 9, batch 160, loss=0.06729941070079803
Epoch 9, batch 170, loss=0.028483247384428978
Epoch 9, batch 180, loss=0.031228596344590187
Epoch 9, batch 190, loss=0.030837751924991608
Epoch 9, batch 200, loss=0.06064007431268692
Epoch 9, batch 210, loss=0.05304042249917984
Epoch 9, batch 220, loss=0.01725410670042038
Epoch 9, batch 230, loss=0.05153641104698181
Epoch 9, batch 240, loss=0.029301296919584274
Epoch 9, batch 250, loss=0.015773426741361618
Epoch 9, batch 260, loss=0.0455000177025795
Epoch 9, batch 270, loss=0.010469823144376278
Epoch 9, batch 280, loss=0.013946826569736004
Epoch 9, batch 290, loss=0.008836569264531136
Epoch 9, batch 300, loss=0.04739149659872055
Epoch 9, batch 310, loss=0.038276031613349915
Epoch 9, batch 320, loss=0.058640122413635254
Epoch 9, batch 330, loss=0.03052821382880211
Epoch 9, batch 340, loss=0.020285725593566895
Epoch 9, batch 350, loss=0.009918883442878723
Average epoch loss=0.03793894489001338
Average accuracy across all batches=0.9995521089271089 at d=0.4277270716303612
Epoch 10, batch 0, loss=0.012162676081061363
Epoch 10, batch 10, loss=0.018666965886950493
Epoch 10, batch 20, loss=0.029236547648906708
Epoch 10, batch 30, loss=0.036233626306056976
Epoch 10, batch 40, loss=0.020243672654032707
Epoch 10, batch 50, loss=0.015910405665636063
Epoch 10, batch 60, loss=0.02016466110944748
Epoch 10, batch 70, loss=0.006742342375218868
Epoch 10, batch 80, loss=0.13695499300956726
Epoch 10, batch 90, loss=0.03014957718551159
Epoch 10, batch 100, loss=0.0301849152892828
Epoch 10, batch 110, loss=0.014246243983507156
Epoch 10, batch 120, loss=0.011132106184959412
Epoch 10, batch 130, loss=0.008397351950407028
Epoch 10, batch 140, loss=0.013639787212014198
Epoch 10, batch 150, loss=0.014772837050259113
Epoch 10, batch 160, loss=0.005929907318204641
Epoch 10, batch 170, loss=0.013696877285838127
Epoch 10, batch 180, loss=0.01002612616866827
Epoch 10, batch 190, loss=0.005376523360610008
Epoch 10, batch 200, loss=0.006244427524507046
Epoch 10, batch 210, loss=0.0012258365750312805
Epoch 10, batch 220, loss=0.005445688031613827
Epoch 10, batch 230, loss=0.004863330628722906
Epoch 10, batch 240, loss=0.0044309343211352825
Epoch 10, batch 250, loss=0.03698153793811798
Epoch 10, batch 260, loss=0.014395958743989468
Epoch 10, batch 270, loss=0.002783570671454072
Epoch 10, batch 280, loss=0.008853774517774582
Epoch 10, batch 290, loss=0.005775145720690489
Epoch 10, batch 300, loss=0.013998983427882195
Epoch 10, batch 310, loss=0.06549179553985596
Epoch 10, batch 320, loss=0.008758990094065666
Epoch 10, batch 330, loss=0.007301094941794872
Epoch 10, batch 340, loss=0.01038527674973011
Epoch 10, batch 350, loss=0.18769767880439758
Average epoch loss=0.026383376375818755
Average accuracy across all batches=0.9963690375974744 at d=0.4163621028034252
Epoch 11, batch 0, loss=0.0555570013821125
Epoch 11, batch 10, loss=0.04938220977783203
Epoch 11, batch 20, loss=0.05494535341858864
Epoch 11, batch 30, loss=0.01449745986610651
Epoch 11, batch 40, loss=0.02152748964726925
Epoch 11, batch 50, loss=0.014068730175495148
Epoch 11, batch 60, loss=0.0051789721474051476
Epoch 11, batch 70, loss=0.017478374764323235
Epoch 11, batch 80, loss=0.01652042381465435
Epoch 11, batch 90, loss=0.0030367346480488777
Epoch 11, batch 100, loss=0.003323553130030632
Epoch 11, batch 110, loss=0.07423898577690125
Epoch 11, batch 120, loss=0.05450381711125374
Epoch 11, batch 130, loss=0.015336759388446808
Epoch 11, batch 140, loss=0.02541598677635193
Epoch 11, batch 150, loss=0.028631541877985
Epoch 11, batch 160, loss=0.007213512435555458
Epoch 11, batch 170, loss=0.020708583295345306
Epoch 11, batch 180, loss=0.06738688051700592
Epoch 11, batch 190, loss=0.011949888430535793
Epoch 11, batch 200, loss=0.02774246409535408
Epoch 11, batch 210, loss=0.002387846587225795
Epoch 11, batch 220, loss=0.07325146347284317
Epoch 11, batch 230, loss=0.02167639136314392
Epoch 11, batch 240, loss=0.025667818263173103
Epoch 11, batch 250, loss=0.010646284557878971
Epoch 11, batch 260, loss=0.007180669344961643
Epoch 11, batch 270, loss=0.00976661778986454
Epoch 11, batch 280, loss=0.00917185191065073
Epoch 11, batch 290, loss=0.013634582981467247
Epoch 11, batch 300, loss=0.00908646173775196
Epoch 11, batch 310, loss=0.011540195904672146
Epoch 11, batch 320, loss=0.004223885480314493
Epoch 11, batch 330, loss=0.03918075934052467
Epoch 11, batch 340, loss=0.008326612412929535
Epoch 11, batch 350, loss=0.00326588936150074
Average epoch loss=0.02249768330367972
Average accuracy across all batches=1.0 at d=0.34295290971198145
Epoch 12, batch 0, loss=0.005274029914289713
Epoch 12, batch 10, loss=0.021345485001802444
Epoch 12, batch 20, loss=0.0012531757820397615
Epoch 12, batch 30, loss=0.003784534987062216
Epoch 12, batch 40, loss=0.003531339578330517
Epoch 12, batch 50, loss=0.004513666965067387
Epoch 12, batch 60, loss=0.02438358962535858
Epoch 12, batch 70, loss=0.029183976352214813
Epoch 12, batch 80, loss=0.0022427348885685205
Epoch 12, batch 90, loss=0.002180160256102681
Epoch 12, batch 100, loss=0.001645074225962162
Epoch 12, batch 110, loss=0.0026773104909807444
Epoch 12, batch 120, loss=0.008295491337776184
Epoch 12, batch 130, loss=0.0075813159346580505
Epoch 12, batch 140, loss=0.02774806320667267
Epoch 12, batch 150, loss=0.0011463540140539408
Epoch 12, batch 160, loss=0.023958321660757065
Epoch 12, batch 170, loss=0.04235582798719406
Epoch 12, batch 180, loss=0.007856450974941254
Epoch 12, batch 190, loss=0.003524602157995105
Epoch 12, batch 200, loss=0.026123488321900368
Epoch 12, batch 210, loss=0.025716401636600494
Epoch 12, batch 220, loss=0.012502414174377918
Epoch 12, batch 230, loss=0.07586954534053802
Epoch 12, batch 240, loss=0.09485308825969696
Epoch 12, batch 250, loss=0.029547005891799927
Epoch 12, batch 260, loss=0.026252156123518944
Epoch 12, batch 270, loss=0.003970565274357796
Epoch 12, batch 280, loss=0.0016892668791115284
Epoch 12, batch 290, loss=0.007098241709172726
Epoch 12, batch 300, loss=0.008144063875079155
Epoch 12, batch 310, loss=0.010660900734364986
Epoch 12, batch 320, loss=0.021703943610191345
Epoch 12, batch 330, loss=0.04170719161629677
Epoch 12, batch 340, loss=0.018515488132834435
Epoch 12, batch 350, loss=0.024773625656962395
Average epoch loss=0.01655386294666963
Average accuracy across all batches=1.0 at d=0.23640939062437974
Epoch 13, batch 0, loss=0.007991919293999672
Epoch 13, batch 10, loss=0.017220180481672287
Epoch 13, batch 20, loss=0.0005350177525542676
Epoch 13, batch 30, loss=0.04469913989305496
Epoch 13, batch 40, loss=1.51764714717865
Epoch 13, batch 50, loss=1.14826238155365
Epoch 13, batch 60, loss=1.1064835786819458
Epoch 13, batch 70, loss=0.9596874117851257
Epoch 13, batch 80, loss=1.072728157043457
Epoch 13, batch 90, loss=1.1235439777374268
Epoch 13, batch 100, loss=1.0885212421417236
Epoch 13, batch 110, loss=0.9848863482475281
Epoch 13, batch 120, loss=1.3807599544525146
Epoch 13, batch 130, loss=1.1940994262695312
Epoch 13, batch 140, loss=1.1650831699371338
Epoch 13, batch 150, loss=1.129563570022583
Epoch 13, batch 160, loss=1.1677048206329346
Epoch 13, batch 170, loss=1.0133250951766968
Epoch 13, batch 180, loss=1.164662480354309
Epoch 13, batch 190, loss=0.9914464950561523
Epoch 13, batch 200, loss=0.9859552383422852
Epoch 13, batch 210, loss=1.0160889625549316
Epoch 13, batch 220, loss=0.947062611579895
Epoch 13, batch 230, loss=1.0874378681182861
Epoch 13, batch 240, loss=1.0756717920303345
Epoch 13, batch 250, loss=1.050365924835205
Epoch 13, batch 260, loss=1.0069055557250977
Epoch 13, batch 270, loss=1.0042494535446167
Epoch 13, batch 280, loss=1.0032408237457275
Epoch 13, batch 290, loss=1.0647095441818237
Epoch 13, batch 300, loss=0.9897261261940002
Epoch 13, batch 310, loss=1.0846478939056396
Epoch 13, batch 320, loss=0.9757939577102661
Epoch 13, batch 330, loss=1.1441099643707275
Epoch 13, batch 340, loss=0.9854462146759033
Epoch 13, batch 350, loss=1.0036606788635254
Average epoch loss=1.0010247111876955
Average accuracy across all batches=0.5794420106232796 at d=0.9135621855184436
Epoch 14, batch 0, loss=0.9855126142501831
Epoch 14, batch 10, loss=1.0255968570709229
Epoch 14, batch 20, loss=0.9236648082733154
Epoch 14, batch 30, loss=1.052506923675537
Epoch 14, batch 40, loss=1.0248384475708008
Epoch 14, batch 50, loss=1.108594536781311
Epoch 14, batch 60, loss=1.0332262516021729
Epoch 14, batch 70, loss=0.975337028503418
Epoch 14, batch 80, loss=1.0327441692352295
Epoch 14, batch 90, loss=0.9434504508972168
Epoch 14, batch 100, loss=1.0294214487075806
Epoch 14, batch 110, loss=1.0288686752319336
Epoch 14, batch 120, loss=1.0078864097595215
Epoch 14, batch 130, loss=0.9843610525131226
Epoch 14, batch 140, loss=0.9785069823265076
Epoch 14, batch 150, loss=1.0655674934387207
Epoch 14, batch 160, loss=1.0899659395217896
Epoch 14, batch 170, loss=1.0571115016937256
Epoch 14, batch 180, loss=1.0768393278121948
Epoch 14, batch 190, loss=1.0584815740585327
Epoch 14, batch 200, loss=0.966968297958374
Epoch 14, batch 210, loss=0.9929635524749756
Epoch 14, batch 220, loss=0.971774160861969
Epoch 14, batch 230, loss=1.0040698051452637
Epoch 14, batch 240, loss=1.001560926437378
Epoch 14, batch 250, loss=0.9785118103027344
Epoch 14, batch 260, loss=0.9550075531005859
Epoch 14, batch 270, loss=0.986767053604126
Epoch 14, batch 280, loss=0.960040807723999
Epoch 14, batch 290, loss=1.0172841548919678
Epoch 14, batch 300, loss=1.0837721824645996
Epoch 14, batch 310, loss=0.9590630531311035
Epoch 14, batch 320, loss=1.0679619312286377
Epoch 14, batch 330, loss=0.9941631555557251
Epoch 14, batch 340, loss=0.9828618168830872
Epoch 14, batch 350, loss=1.0550966262817383
Average epoch loss=1.0171041535135763
Average accuracy across all batches=0.5906401601309758 at d=0.9565204995498062
Epoch 15, batch 0, loss=0.9777554273605347
Epoch 15, batch 10, loss=1.0060794353485107
Epoch 15, batch 20, loss=0.9545207619667053
Epoch 15, batch 30, loss=0.9947130680084229
Epoch 15, batch 40, loss=1.00575852394104
Epoch 15, batch 50, loss=1.0586960315704346
Epoch 15, batch 60, loss=1.0005004405975342
Epoch 15, batch 70, loss=1.0067062377929688
Epoch 15, batch 80, loss=1.0837514400482178
Epoch 15, batch 90, loss=1.1064326763153076
Epoch 15, batch 100, loss=0.9988267421722412
Epoch 15, batch 110, loss=0.9483051300048828
Epoch 15, batch 120, loss=1.0205503702163696
Epoch 15, batch 130, loss=0.9868745803833008
Epoch 15, batch 140, loss=1.0097806453704834
Epoch 15, batch 150, loss=1.060625433921814
Epoch 15, batch 160, loss=1.047463059425354
Epoch 15, batch 170, loss=1.0001407861709595
Epoch 15, batch 180, loss=0.9219228029251099
Epoch 15, batch 190, loss=0.995410680770874
Epoch 15, batch 200, loss=1.0241061449050903
Epoch 15, batch 210, loss=1.0189945697784424
Epoch 15, batch 220, loss=1.0621213912963867
Epoch 15, batch 230, loss=1.0268003940582275
Epoch 15, batch 240, loss=1.016485571861267
Epoch 15, batch 250, loss=1.0554701089859009
Epoch 15, batch 260, loss=0.9838353395462036
Epoch 15, batch 270, loss=1.0805883407592773
Epoch 15, batch 280, loss=0.9544582366943359
Epoch 15, batch 290, loss=0.9975453019142151
Epoch 15, batch 300, loss=1.0380024909973145
Epoch 15, batch 310, loss=1.0369160175323486
Epoch 15, batch 320, loss=0.9993624687194824
Epoch 15, batch 330, loss=1.022101879119873
Epoch 15, batch 340, loss=1.0081133842468262
Epoch 15, batch 350, loss=1.031064510345459
Average epoch loss=1.0136032310368954
Average accuracy across all batches=0.5843660414418009 at d=0.9714440650939946
Epoch 16, batch 0, loss=1.001899003982544
Epoch 16, batch 10, loss=1.0043904781341553
Epoch 16, batch 20, loss=1.0193662643432617
Epoch 16, batch 30, loss=1.0227428674697876
Epoch 16, batch 40, loss=1.0088393688201904
Epoch 16, batch 50, loss=1.020318865776062
Epoch 16, batch 60, loss=1.0305438041687012
Epoch 16, batch 70, loss=0.9289720058441162
Epoch 16, batch 80, loss=0.9791595339775085
Epoch 16, batch 90, loss=0.9840611219406128
Epoch 16, batch 100, loss=0.9515113830566406
Epoch 16, batch 110, loss=0.9998494982719421
Epoch 16, batch 120, loss=1.0449715852737427
Epoch 16, batch 130, loss=1.003140926361084
Epoch 16, batch 140, loss=1.0304458141326904
Epoch 16, batch 150, loss=0.9446976184844971
Epoch 16, batch 160, loss=1.0640997886657715
Epoch 16, batch 170, loss=0.9550463557243347
Epoch 16, batch 180, loss=0.984364926815033
Epoch 16, batch 190, loss=1.0049123764038086
Epoch 16, batch 200, loss=0.9832082390785217
Epoch 16, batch 210, loss=0.9909794330596924
Epoch 16, batch 220, loss=0.9618209600448608
Epoch 16, batch 230, loss=0.9666171073913574
Epoch 16, batch 240, loss=1.0124998092651367
Epoch 16, batch 250, loss=1.022331953048706
Epoch 16, batch 260, loss=0.9839236736297607
Epoch 16, batch 270, loss=1.0355726480484009
Epoch 16, batch 280, loss=0.9608708024024963
Epoch 16, batch 290, loss=0.9887693524360657
Epoch 16, batch 300, loss=1.055088996887207
Epoch 16, batch 310, loss=0.9911314845085144
Epoch 16, batch 320, loss=1.031266450881958
Epoch 16, batch 330, loss=0.995313286781311
Epoch 16, batch 340, loss=1.003519058227539
Epoch 16, batch 350, loss=0.9691799283027649
Average epoch loss=1.0041200281185692
Average accuracy across all batches=0.6003200525480075 at d=1.0027585789114237
Epoch 17, batch 0, loss=0.9973689317703247
Epoch 17, batch 10, loss=0.9981667995452881
Epoch 17, batch 20, loss=0.955337643623352
Epoch 17, batch 30, loss=0.9577116370201111
Epoch 17, batch 40, loss=1.0396019220352173
Epoch 17, batch 50, loss=0.9257946014404297
Epoch 17, batch 60, loss=1.0012801885604858
Epoch 17, batch 70, loss=0.9657034277915955
Epoch 17, batch 80, loss=1.0127743482589722
Epoch 17, batch 90, loss=0.9422179460525513
Epoch 17, batch 100, loss=1.01149320602417
Epoch 17, batch 110, loss=0.9795198440551758
Epoch 17, batch 120, loss=1.0387340784072876
Epoch 17, batch 130, loss=0.9631178379058838
Epoch 17, batch 140, loss=0.9951984882354736
Epoch 17, batch 150, loss=0.9421113729476929
Epoch 17, batch 160, loss=0.952970564365387
Epoch 17, batch 170, loss=0.9435223340988159
Epoch 17, batch 180, loss=1.1968355178833008
Epoch 17, batch 190, loss=1.0494422912597656
Epoch 17, batch 200, loss=1.036982774734497
Epoch 17, batch 210, loss=1.0405476093292236
Epoch 17, batch 220, loss=1.0294735431671143
Epoch 17, batch 230, loss=1.0053818225860596
Epoch 17, batch 240, loss=1.0784966945648193
Epoch 17, batch 250, loss=0.9545218348503113
Epoch 17, batch 260, loss=1.0178205966949463
Epoch 17, batch 270, loss=1.0508838891983032
Epoch 17, batch 280, loss=0.9810391664505005
Epoch 17, batch 290, loss=1.0119422674179077
Epoch 17, batch 300, loss=1.021285057067871
Epoch 17, batch 310, loss=1.0698752403259277
Epoch 17, batch 320, loss=1.0430666208267212
Epoch 17, batch 330, loss=0.9886288046836853
Epoch 17, batch 340, loss=1.057978630065918
Epoch 17, batch 350, loss=1.046696662902832
Average epoch loss=1.0126156366967225
Average accuracy across all batches=0.569802411658526 at d=0.9752714467346671
Epoch 18, batch 0, loss=0.9653494358062744
Epoch 18, batch 10, loss=1.048226237297058
Epoch 18, batch 20, loss=1.0290635824203491
Epoch 18, batch 30, loss=1.0449820756912231
Epoch 18, batch 40, loss=1.0745902061462402
Epoch 18, batch 50, loss=1.0126962661743164
Epoch 18, batch 60, loss=1.0553631782531738
Epoch 18, batch 70, loss=1.028031826019287
Epoch 18, batch 80, loss=1.0209277868270874
Epoch 18, batch 90, loss=1.0082162618637085
Epoch 18, batch 100, loss=0.9815107583999634
Epoch 18, batch 110, loss=1.030440330505371
Epoch 18, batch 120, loss=1.0107572078704834
Epoch 18, batch 130, loss=1.0426660776138306
Epoch 18, batch 140, loss=0.9792431592941284
Epoch 18, batch 150, loss=0.9906854629516602
Epoch 18, batch 160, loss=1.0232250690460205
Epoch 18, batch 170, loss=1.0001440048217773
Epoch 18, batch 180, loss=0.98976731300354
Epoch 18, batch 190, loss=1.0165094137191772
Epoch 18, batch 200, loss=0.9894787073135376
Epoch 18, batch 210, loss=0.9976785778999329
Epoch 18, batch 220, loss=0.9981940984725952
Epoch 18, batch 230, loss=1.037589430809021
Epoch 18, batch 240, loss=1.021789312362671
Epoch 18, batch 250, loss=0.9843538403511047
Epoch 18, batch 260, loss=1.0041576623916626
Epoch 18, batch 270, loss=1.0141957998275757
Epoch 18, batch 280, loss=0.9832305908203125
Epoch 18, batch 290, loss=1.0703506469726562
Epoch 18, batch 300, loss=1.056325078010559
Epoch 18, batch 310, loss=1.0772290229797363
Epoch 18, batch 320, loss=1.0152517557144165
Epoch 18, batch 330, loss=0.9992489814758301
Epoch 18, batch 340, loss=1.0051168203353882
Epoch 18, batch 350, loss=0.9780818819999695
Average epoch loss=1.0141306888094188
Average accuracy across all batches=0.5698224000460482 at d=0.9801520964428783
Epoch 19, batch 0, loss=0.9928758144378662
Epoch 19, batch 10, loss=1.050162672996521
Epoch 19, batch 20, loss=0.9942936897277832
Epoch 19, batch 30, loss=1.0400562286376953
Epoch 19, batch 40, loss=0.9946851134300232
Epoch 19, batch 50, loss=1.012116551399231
Epoch 19, batch 60, loss=0.9741294384002686
Epoch 19, batch 70, loss=1.0213220119476318
Epoch 19, batch 80, loss=1.034208059310913
Epoch 19, batch 90, loss=1.01786208152771
Epoch 19, batch 100, loss=0.9771385192871094
Epoch 19, batch 110, loss=1.036714792251587
Epoch 19, batch 120, loss=1.046194076538086
Epoch 19, batch 130, loss=0.990526020526886
Epoch 19, batch 140, loss=1.0195374488830566
Epoch 19, batch 150, loss=1.0292856693267822
Epoch 19, batch 160, loss=1.0581218004226685
Epoch 19, batch 170, loss=1.0557708740234375
Epoch 19, batch 180, loss=1.055286169052124
Epoch 19, batch 190, loss=1.0440402030944824
Epoch 19, batch 200, loss=1.0610384941101074
Epoch 19, batch 210, loss=0.9851624965667725
Epoch 19, batch 220, loss=1.042823076248169
Epoch 19, batch 230, loss=0.9912656545639038
Epoch 19, batch 240, loss=1.0084686279296875
Epoch 19, batch 250, loss=1.0183714628219604
Epoch 19, batch 260, loss=0.9795660972595215
Epoch 19, batch 270, loss=1.0196173191070557
Epoch 19, batch 280, loss=1.0292718410491943
Epoch 19, batch 290, loss=1.0493360757827759
Epoch 19, batch 300, loss=1.0423367023468018
Epoch 19, batch 310, loss=0.9703993797302246
Epoch 19, batch 320, loss=0.9666869640350342
Epoch 19, batch 330, loss=1.0259723663330078
Epoch 19, batch 340, loss=1.0424562692642212
Epoch 19, batch 350, loss=0.9869149923324585
Average epoch loss=1.0134040575505632
Average accuracy across all batches=0.5669980302574801 at d=1.0127203218638903
Epoch 20, batch 0, loss=0.9751765131950378
Epoch 20, batch 10, loss=1.0945932865142822
Epoch 20, batch 20, loss=0.9838933944702148
Epoch 20, batch 30, loss=1.061025857925415
Epoch 20, batch 40, loss=1.0074936151504517
Epoch 20, batch 50, loss=1.056870937347412
Epoch 20, batch 60, loss=1.0207126140594482
Epoch 20, batch 70, loss=1.0775718688964844
Epoch 20, batch 80, loss=0.9691885709762573
Epoch 20, batch 90, loss=1.0161943435668945
Epoch 20, batch 100, loss=1.0374934673309326
Epoch 20, batch 110, loss=0.9992682933807373
Epoch 20, batch 120, loss=1.048046350479126
Epoch 20, batch 130, loss=0.9916816353797913
Epoch 20, batch 140, loss=1.019610047340393
Epoch 20, batch 150, loss=1.0082014799118042
Epoch 20, batch 160, loss=1.0332732200622559
Epoch 20, batch 170, loss=0.9847790002822876
Epoch 20, batch 180, loss=1.0091484785079956
Epoch 20, batch 190, loss=1.0401051044464111
Epoch 20, batch 200, loss=0.9823372960090637
Epoch 20, batch 300, loss=1.0322316884994507
Average epoch loss=1.0140827362915932
Average accuracy across all batches=0.5677728919621057 at d=0.9906002868562942
